Index	Corr	Marker
1	0.417747945173745	SNP3960
2	0.416184060450764	SNP7192
3	0.419405128640858	SNP2684
4	0.449825023473867	SNP7193
5	0.518584218413708	SNP7447
6	0.551943692379434	SNP996
7	0.722774910333359	SNP8964
8	0.738885575927015	SNP5012
9	0.741035505164856	SNP7445
10	0.746963989733934	SNP994
11	0.746931758810699	SNP7186
12	0.78751231884676	SNP6973
13	0.790215788142413	SNP7189
14	0.842041038108923	SNP4898
15	0.844905161950487	SNP7390
16	0.859119445436096	SNP3635
17	0.884019849871826	SNP10376
18	0.880754106641567	SNP6697
19	0.894643583976583	SNP9964
20	0.890293294359902	SNP8892
21	0.903898488703357	SNP3597
22	0.914045930125086	SNP8481
23	0.921829239457855	SNP5252
24	0.920631715822962	SNP63
25	0.930742753001562	SNP9920
26	0.920494535458623	SNP4925
