Index	Corr	Marker
1	0.50830420699645	SNP3960
2	0.5086763038707	SNP7193
3	0.51136698361882	SNP7447
4	0.520831203723763	SNP996
5	0.636044581155166	SNP8964
6	0.678006801635455	SNP9004
7	0.71536333534043	SNP5012
8	0.715337523647251	SNP7445
9	0.722260937212747	SNP994
10	0.747102462055039	SNP7186
11	0.767356469700531	SNP6973
12	0.767575570885432	SNP992
13	0.781891895454738	SNP8427
14	0.832124031752781	SNP4898
15	0.832239879692585	SNP7390
16	0.831920112285158	SNP70
17	0.839507679100494	SNP8885
18	0.840826965236695	SNP3635
19	0.857013175700833	SNP7010
20	0.858495023691083	SNP10376
21	0.858248967473448	SNP6697
22	0.859054593220885	SNP8892
23	0.866704072069975	SNP3941
24	0.866018497028339	SNP181
25	0.860807768889162	SNP8017
26	0.864418427632202	SNP3597
27	0.870563906165174	SNP1600
