Index	Corr	Marker	X3	X4	X5	X6
5	0.0618798361769672	id6006118	id3006754	wd7000321	id8004083	id6006123
6	0.0696403758719773	id6006146	NA	NA	NA	NA
7	0.419602776142834	id3001967	NA	NA	NA	NA
8	0.435956678789456	id6005265	NA	NA	NA	NA
9	0.574937658051008	id6002745	NA	NA	NA	NA
10	0.59537112712196	ud4000280	NA	NA	NA	NA
11	0.670849961123996	id6010063	NA	NA	NA	NA
12	0.672789530292738	id1013385	NA	NA	NA	NA
13	0.690593931674765	id7000632	NA	NA	NA	NA
14	0.706266813057203	id8003995	NA	NA	NA	NA
15	0.714609402136058	ud8001093	NA	NA	NA	NA
16	0.730653510105186	id4001732	NA	NA	NA	NA
17	0.732450361627231	id1013354	NA	NA	NA	NA
18	0.735658208487052	wd6000527	NA	NA	NA	NA
19	0.737062357325085	id8003985	NA	NA	NA	NA
20	0.73875694196576	id8003996	NA	NA	NA	NA
21	0.755071336103631	id1013402	NA	NA	NA	NA
22	0.759568405140204	id8003978	NA	NA	NA	NA
23	0.768768723825504	id7004583	NA	NA	NA	NA
24	0.775284865224781	id11007127	NA	NA	NA	NA
25	0.78315873280092	id3018557	NA	NA	NA	NA
26	0.785699033773988	id6006591	NA	NA	NA	NA
27	0.788083757728673	id9002030	NA	NA	NA	NA
28	0.789531492603453	id1023267	NA	NA	NA	NA
29	0.80101081695584	ud8000587	NA	NA	NA	NA
30	0.803947617657825	id5003522	NA	NA	NA	NA
31	0.811904624550997	id9007431	NA	NA	NA	NA
32	0.820398670736711	id1008109	NA	NA	NA	NA
33	0.822041634053195	id2005644	NA	NA	NA	NA
34	0.826061490272359	id3003006	NA	NA	NA	NA
35	0.830597987564729	id9004974	NA	NA	NA	NA
36	0.832927766250859	id8000483	NA	NA	NA	NA
37	0.84150971757914	id3015979	NA	NA	NA	NA
38	0.843209702997616	id3000735	NA	NA	NA	NA
39	0.851781564966408	id8001958	NA	NA	NA	NA
40	0.858344310024763	id5013321	NA	NA	NA	NA
41	0.862859432800596	id1012557	NA	NA	NA	NA
42	0.864659594677759	id3006422	NA	NA	NA	NA
43	0.867143180683939	id7005797	NA	NA	NA	NA
44	0.868199958304551	wd1001865	NA	NA	NA	NA
45	0.875355902951935	ud7001431	NA	NA	NA	NA
46	0.880229861673057	id1023240	NA	NA	NA	NA
47	0.885161872444507	wd6000562	NA	NA	NA	NA
48	0.886712018062166	id3006810	NA	NA	NA	NA
49	0.888008561212479	ud7001067	NA	NA	NA	NA
50	0.890520483946949	id9006267	NA	NA	NA	NA
51	0.89232228046332	id6006705	NA	NA	NA	NA
52	0.89338287788486	id4000310	NA	NA	NA	NA
53	0.894562759436087	id1012864	NA	NA	NA	NA
54	0.898281069096178	id7002719	NA	NA	NA	NA
55	0.899960208531146	id4004398	NA	NA	NA	NA
56	0.901410984032717	id8004300	NA	NA	NA	NA
