Index	Corr	Marker	X3	X4	X5
4	0.142699944439947	id3006754	wd7000321	id8004083	id6006123
5	0.491835556097237	id3001967	NA	NA	NA
6	0.602037259067918	id6002745	NA	NA	NA
7	0.645013486599082	ud4000280	NA	NA	NA
8	0.649787701827519	wd3000121	NA	NA	NA
9	0.667487015759429	id7000632	NA	NA	NA
10	0.689510595183704	ud8001093	NA	NA	NA
11	0.691368431744959	id8000022	NA	NA	NA
12	0.716247861005	id11007127	NA	NA	NA
13	0.734111918618454	id1013613	NA	NA	NA
14	0.7641661948702	id3018557	NA	NA	NA
15	0.783939595591244	id6003300	NA	NA	NA
16	0.798337049835681	id9002030	NA	NA	NA
17	0.804905860836036	id7000987	NA	NA	NA
18	0.809563655091172	id9007431	NA	NA	NA
19	0.820109316630543	id7004587	NA	NA	NA
20	0.831996363124003	id7002470	NA	NA	NA
21	0.833367654668745	id11007727	NA	NA	NA
22	0.838709905172296	id3003006	NA	NA	NA
23	0.840817576811285	id6004987	NA	NA	NA
24	0.84402854016702	id9001571	NA	NA	NA
25	0.845064992185773	ud2000772	NA	NA	NA
26	0.855857614588998	id8001958	NA	NA	NA
27	0.858429681797419	id5013321	NA	NA	NA
28	0.867851708723991	id1012557	NA	NA	NA
29	0.871341191689112	id3006422	NA	NA	NA
30	0.874681804899322	wd4001623	NA	NA	NA
31	0.876296437971442	id7005072	NA	NA	NA
32	0.880282893925744	ud7001067	NA	NA	NA
33	0.883341875809729	id5006883	NA	NA	NA
34	0.887636383362196	id6006868	NA	NA	NA
35	0.889386265154608	id12005091	NA	NA	NA
36	0.893096206100204	id6006058	NA	NA	NA
37	0.894134486433198	id11007232	NA	NA	NA
38	0.896428339661458	id7001546	NA	NA	NA
39	0.89764528972352	id1001357	NA	NA	NA
40	0.898736605499439	id6002792	NA	NA	NA
41	0.901769578914366	id2007436	NA	NA	NA
