Index	Corr	Marker	X3	X4	X5	X6
5	0.522907302724856	id6006118	id3006754	wd7000321	id8004083	id6006123
6	0.524011914991214	id6006146	NA	NA	NA	NA
7	0.573645300955108	id3001967	NA	NA	NA	NA
8	0.575015840636416	id3002064	NA	NA	NA	NA
9	0.577922086666537	id6006091	NA	NA	NA	NA
10	0.653723795167136	id6002745	NA	NA	NA	NA
11	0.674853327025057	ud4000280	NA	NA	NA	NA
12	0.681815632327785	id7000632	NA	NA	NA	NA
13	0.691785955788807	ud8001093	NA	NA	NA	NA
14	0.708604988514359	id6002750	NA	NA	NA	NA
15	0.714197136061631	id1013354	NA	NA	NA	NA
16	0.72068142632026	id7004583	NA	NA	NA	NA
17	0.722854226951879	id6002690	NA	NA	NA	NA
18	0.727993121192408	id8000022	NA	NA	NA	NA
19	0.733366489309126	id2005562	NA	NA	NA	NA
20	0.755345829166432	id1013613	NA	NA	NA	NA
21	0.778548843453493	id3018557	NA	NA	NA	NA
22	0.779743784744288	id6009335	NA	NA	NA	NA
23	0.818075485544618	id6003300	NA	NA	NA	NA
24	0.819635806528165	id1023267	NA	NA	NA	NA
25	0.833406776524098	id9007431	NA	NA	NA	NA
26	0.834565956642181	id7002470	NA	NA	NA	NA
27	0.837024279820272	dd11000851	NA	NA	NA	NA
28	0.838483364029989	dd11001270	NA	NA	NA	NA
29	0.842312873256658	id3003006	NA	NA	NA	NA
30	0.845075560781018	id6006725	NA	NA	NA	NA
31	0.850681257115504	id7001678	NA	NA	NA	NA
32	0.858016488718516	id3010577	NA	NA	NA	NA
33	0.859999946614652	wd6000562	NA	NA	NA	NA
34	0.867527039668251	wd6000380	NA	NA	NA	NA
35	0.878244202921407	id12005091	NA	NA	NA	NA
36	0.881505009821101	id1021175	NA	NA	NA	NA
37	0.882741587828298	id1009967	NA	NA	NA	NA
38	0.884178903899398	id7000656	NA	NA	NA	NA
39	0.889315201595364	id9002393	NA	NA	NA	NA
40	0.89069559422254	id6002561	NA	NA	NA	NA
41	0.892473958243454	id2004984	NA	NA	NA	NA
42	0.895783857606451	id11005328	NA	NA	NA	NA
43	0.899312137184803	id6010481	NA	NA	NA	NA
44	0.901141693132887	id2000833	NA	NA	NA	NA
