CV Number 1: Start
CV Number 1: Check prediction (correlation) rate for all markers using BTS model.
CV Number 1: Prediction (correlation) rate for all markers using BTS is 0.965139246545085 train acc 0.630126104583308 val acc 
CV Number 1: Prediction running time for all markers is 0.6891882 secs
CV Number 1: Initial marker set's correlation rate is 0.417748 in train, 0.488298 in validation 
CV Number 1: Start marker selection at 2020-09-20 18:29:37 KST
 -- Stop condition: if the correlation rate does not increase 2460 times consecutively (20% of the total number of markers), the selection process is stopped.
Add: 0.416184 (delta: -0.001564) train corr., 0.498874 (delta: 0.010576) val corr., 2 markers (3 reading), time: 0.1791267 secs
Add: 0.419405 (delta: 0.003221) train corr., 0.519857 (delta: 0.020984) val corr., 3 markers (5 reading), time: 0.5238955 secs
Add: 0.449825 (delta: 0.03042) train corr., 0.540632 (delta: 0.020774) val corr., 4 markers (6 reading), time: 0.731854 secs
Add: 0.518584 (delta: 0.068759) train corr., 0.587593 (delta: 0.046961) val corr., 5 markers (7 reading), time: 0.9054196 secs
Add: 0.551944 (delta: 0.033359) train corr., 0.605863 (delta: 0.01827) val corr., 6 markers (8 reading), time: 1.079401 secs
Add: 0.722775 (delta: 0.170831) train corr., 0.627565 (delta: 0.021702) val corr., 7 markers (9 reading), time: 1.256757 secs
Add: 0.738886 (delta: 0.016111) train corr., 0.655599 (delta: 0.028034) val corr., 8 markers (11 reading), time: 1.619073 secs
Add: 0.741036 (delta: 0.00215) train corr., 0.660703 (delta: 0.005104) val corr., 9 markers (12 reading), time: 1.803797 secs
Add: 0.746964 (delta: 0.005928) train corr., 0.661353 (delta: 0.000651) val corr., 10 markers (13 reading), time: 1.989191 secs
Add: 0.746932 (delta: -3.2e-05) train corr., 0.695924 (delta: 0.034571) val corr., 11 markers (15 reading), time: 2.394678 secs
Add: 0.787512 (delta: 0.040581) train corr., 0.722638 (delta: 0.026715) val corr., 12 markers (17 reading), time: 2.752954 secs
Add: 0.790216 (delta: 0.002703) train corr., 0.726093 (delta: 0.003454) val corr., 13 markers (20 reading), time: 3.407508 secs
Add: 0.842041 (delta: 0.051825) train corr., 0.754224 (delta: 0.028131) val corr., 14 markers (25 reading), time: 4.45727 secs
Add: 0.844905 (delta: 0.002864) train corr., 0.768825 (delta: 0.014601) val corr., 15 markers (26 reading), time: 4.635924 secs
Add: 0.859119 (delta: 0.014214) train corr., 0.776598 (delta: 0.007773) val corr., 16 markers (30 reading), time: 5.387017 secs
Add: 0.88402 (delta: 0.0249) train corr., 0.779443 (delta: 0.002845) val corr., 17 markers (33 reading), time: 6.018316 secs
Add: 0.880754 (delta: -0.003266) train corr., 0.787284 (delta: 0.00784) val corr., 18 markers (34 reading), time: 6.19924 secs
Add: 0.894644 (delta: 0.013889) train corr., 0.792066 (delta: 0.004782) val corr., 19 markers (35 reading), time: 6.380498 secs
Add: 0.890293 (delta: -0.00435) train corr., 0.793704 (delta: 0.001638) val corr., 20 markers (39 reading), time: 7.126408 secs
Add: 0.903898 (delta: 0.013605) train corr., 0.808438 (delta: 0.014734) val corr., 21 markers (47 reading), time: 8.669205 secs
Add: 0.914046 (delta: 0.010147) train corr., 0.827098 (delta: 0.01866) val corr., 22 markers (52 reading), time: 9.688129 secs
Add: 0.921829 (delta: 0.007783) train corr., 0.828018 (delta: 0.00092) val corr., 23 markers (55 reading), time: 10.24578 secs
Add: 0.920632 (delta: -0.001198) train corr., 0.83327 (delta: 0.005252) val corr., 24 markers (56 reading), time: 10.43347 secs
Add: 0.930743 (delta: 0.010111) train corr., 0.840187 (delta: 0.006917) val corr., 25 markers (60 reading), time: 11.20039 secs
Add: 0.920495 (delta: -0.010248) train corr., 0.856163 (delta: 0.015976) val corr., 26 markers (63 reading), time: 11.76626 secs
CV Number 1: # of selected markers is 26, and correlation rates for train and validation are 0.920495, 0.856163
CV Number 1: Running time for marker selection is 12.95391 secs
CV Number 1: End BTS model.


