CV Number 1: Start
CV Number 1: Check prediction (correlation) rate for all markers using RRB model.
CV Number 1: Prediction (correlation) rate for all markers using RRB is 0.999999999999988 train acc 0.604429210145527 val acc 
CV Number 1: Prediction running time for all markers is 0.2206781 secs
CV Number 1: Initial marker set's correlation rate is 0.417748 in train, 0.488298 in validation 
CV Number 1: Start marker selection at 2020-09-20 18:29:11 KST
 -- Stop condition: if the correlation rate does not increase 2460 times consecutively (20% of the total number of markers), the selection process is stopped.
Add: 0.431443 (delta: 0.013695) train corr., 0.489623 (delta: 0.001325) val corr., 2 markers (7 reading), time: 1.214664 secs
Add: 0.63547 (delta: 0.204027) train corr., 0.527423 (delta: 0.0378) val corr., 3 markers (9 reading), time: 1.743607 secs
Add: 0.673143 (delta: 0.037673) train corr., 0.578325 (delta: 0.050902) val corr., 4 markers (11 reading), time: 2.274841 secs
Add: 0.677012 (delta: 0.003869) train corr., 0.590531 (delta: 0.012207) val corr., 5 markers (15 reading), time: 3.264704 secs
Add: 0.678404 (delta: 0.001392) train corr., 0.593998 (delta: 0.003467) val corr., 6 markers (16 reading), time: 3.44516 secs
Add: 0.708154 (delta: 0.02975) train corr., 0.631172 (delta: 0.037173) val corr., 7 markers (17 reading), time: 3.643518 secs
Add: 0.749826 (delta: 0.041672) train corr., 0.659624 (delta: 0.028452) val corr., 8 markers (25 reading), time: 5.235555 secs
Add: 0.752009 (delta: 0.002184) train corr., 0.660071 (delta: 0.000447) val corr., 9 markers (26 reading), time: 5.407781 secs
Add: 0.753581 (delta: 0.001571) train corr., 0.669661 (delta: 0.00959) val corr., 10 markers (27 reading), time: 5.580755 secs
Add: 0.765188 (delta: 0.011607) train corr., 0.674553 (delta: 0.004893) val corr., 11 markers (30 reading), time: 6.104742 secs
Add: 0.771789 (delta: 0.006601) train corr., 0.681115 (delta: 0.006561) val corr., 12 markers (31 reading), time: 6.291444 secs
Add: 0.803759 (delta: 0.031971) train corr., 0.727899 (delta: 0.046784) val corr., 13 markers (33 reading), time: 6.743022 secs
Add: 0.804514 (delta: 0.000755) train corr., 0.736972 (delta: 0.009074) val corr., 14 markers (34 reading), time: 6.91796 secs
Add: 0.8091 (delta: 0.004586) train corr., 0.744023 (delta: 0.007051) val corr., 15 markers (35 reading), time: 7.094298 secs
Add: 0.808709 (delta: -0.000391) train corr., 0.748992 (delta: 0.004969) val corr., 16 markers (38 reading), time: 7.614115 secs
Add: 0.814158 (delta: 0.005448) train corr., 0.77775 (delta: 0.028758) val corr., 17 markers (42 reading), time: 8.593349 secs
Add: 0.815755 (delta: 0.001597) train corr., 0.781798 (delta: 0.004048) val corr., 18 markers (52 reading), time: 10.91299 secs
Add: 0.824689 (delta: 0.008934) train corr., 0.784815 (delta: 0.003017) val corr., 19 markers (60 reading), time: 13.48862 secs
Add: 0.827337 (delta: 0.002648) train corr., 0.787017 (delta: 0.002203) val corr., 20 markers (62 reading), time: 14.21169 secs
Add: 0.832303 (delta: 0.004967) train corr., 0.797978 (delta: 0.010961) val corr., 21 markers (63 reading), time: 14.49096 secs
Add: 0.832426 (delta: 0.000122) train corr., 0.80003 (delta: 0.002052) val corr., 22 markers (64 reading), time: 14.65603 secs
Add: 0.832534 (delta: 0.000108) train corr., 0.80239 (delta: 0.002359) val corr., 23 markers (66 reading), time: 15.00461 secs
Add: 0.830835 (delta: -0.001699) train corr., 0.803994 (delta: 0.001604) val corr., 24 markers (67 reading), time: 15.24156 secs
Add: 0.830087 (delta: -0.000748) train corr., 0.804858 (delta: 0.000864) val corr., 25 markers (71 reading), time: 16.15202 secs
Add: 0.828735 (delta: -0.001352) train corr., 0.811341 (delta: 0.006483) val corr., 26 markers (83 reading), time: 18.35841 secs
Add: 0.831604 (delta: 0.00287) train corr., 0.816158 (delta: 0.004817) val corr., 27 markers (84 reading), time: 18.67231 secs
Add: 0.832535 (delta: 0.000931) train corr., 0.820488 (delta: 0.00433) val corr., 28 markers (88 reading), time: 19.96957 secs
Add: 0.845322 (delta: 0.012786) train corr., 0.832482 (delta: 0.011993) val corr., 29 markers (90 reading), time: 20.48324 secs
Add: 0.848801 (delta: 0.00348) train corr., 0.838471 (delta: 0.00599) val corr., 30 markers (92 reading), time: 21.13906 secs
Add: 0.851717 (delta: 0.002915) train corr., 0.84055 (delta: 0.002079) val corr., 31 markers (95 reading), time: 21.84069 secs
Add: 0.853642 (delta: 0.001925) train corr., 0.841515 (delta: 0.000965) val corr., 32 markers (97 reading), time: 22.49173 secs
Add: 0.855584 (delta: 0.001942) train corr., 0.845587 (delta: 0.004072) val corr., 33 markers (100 reading), time: 23.3876 secs
Add: 0.861207 (delta: 0.005622) train corr., 0.853897 (delta: 0.00831) val corr., 34 markers (105 reading), time: 24.67281 secs
CV Number 1: # of selected markers is 34, and correlation rates for train and validation are 0.861207, 0.853897
CV Number 1: Running time for marker selection is 25.94757 secs
CV Number 1: End RRB model.


