Index	Corr	Marker
1	0.50830420699645	SNP3960
2	0.508748601025518	SNP7193
3	0.554154352061114	SNP7447
4	0.564788405009814	SNP996
5	0.722132183263664	SNP8964
6	0.744548859783113	SNP9004
7	0.765561135705617	SNP5012
8	0.781476853340129	SNP994
9	0.801323267017843	SNP8974
10	0.823993933496615	SNP6973
11	0.826660351097925	SNP7200
12	0.841114437789249	SNP8427
13	0.883952394772254	SNP4898
14	0.887734419974414	SNP7390
15	0.892944231999876	SNP7226
16	0.892183274622719	SNP8885
17	0.893142495855181	SNP3635
18	0.902030480307054	SNP6116
19	0.904492435168858	SNP7010
20	0.907829094674526	SNP8892
21	0.909692110527807	SNP8017
22	0.907729846135569	SNP3597
23	0.909024919732901	SNP1600
24	0.915745559496831	SNP5187
25	0.914438943314114	SNP7174
26	0.912774758213087	SNP8202
27	0.919826149311917	SNP9482
28	0.919862058100292	SNP3781
29	0.922700688576582	SNP85
30	0.925771626335177	SNP10392
31	0.934436423283418	SNP11377
32	0.937731913822357	SNP7272
33	0.940222106455363	SNP9548
34	0.941906275542077	SNP931
35	0.94849234083442	SNP1303
36	0.947795532612417	SNP7273
37	0.945980300745027	SNP8000
38	0.947649409902469	SNP10489
39	0.947522369180752	SNP5020
40	0.947140966977442	SNP501
41	0.947801983706847	SNP5914
42	0.952516289215908	SNP2730
