Index	Corr	Marker	X3	X4	X5
4	0.00360086613774018	id3006754	wd7000321	id8004083	id6006123
5	0.332537272722479	id3001967	NA	NA	NA
6	0.334450458135982	id6005265	NA	NA	NA
7	0.545432941167585	id6002745	NA	NA	NA
8	0.576427918792964	ud4000280	NA	NA	NA
9	0.666628225033886	id6010063	NA	NA	NA
10	0.671729314362334	id7000632	NA	NA	NA
11	0.695657254912622	id8003995	NA	NA	NA
12	0.697605849880237	ud8001093	NA	NA	NA
13	0.698796044302714	id6010115	NA	NA	NA
14	0.699953941530954	wd6000616	NA	NA	NA
15	0.705202000480456	id8003996	NA	NA	NA
16	0.708599971891223	id6010122	NA	NA	NA
17	0.711825790027725	id6002767	NA	NA	NA
18	0.714718568491699	id1013402	NA	NA	NA
19	0.720211251681553	id2000397	NA	NA	NA
20	0.722197327804077	id7004583	NA	NA	NA
21	0.725893583472638	id8004304	NA	NA	NA
22	0.728206073056129	id6006031	NA	NA	NA
23	0.729863372848521	id6006256	NA	NA	NA
24	0.739370475769896	id11007127	NA	NA	NA
25	0.754241560490124	id1013613	NA	NA	NA
26	0.796341415331509	id3018557	NA	NA	NA
27	0.828060857658089	id6003300	NA	NA	NA
28	0.831591662178865	id6006591	NA	NA	NA
29	0.835983977414245	id1001182	NA	NA	NA
30	0.839804264558929	id1023267	NA	NA	NA
31	0.842538534340742	ud8000587	NA	NA	NA
32	0.848059944657273	id7000987	NA	NA	NA
33	0.8557641307724	id5003522	NA	NA	NA
34	0.858240089500124	id9007431	NA	NA	NA
35	0.867576871732131	id1008109	NA	NA	NA
36	0.870327977859658	id10004845	NA	NA	NA
37	0.872278041022552	id5013276	NA	NA	NA
38	0.875679537844968	id11007727	NA	NA	NA
39	0.883264438438742	id9001571	NA	NA	NA
40	0.893204458160476	id7001678	NA	NA	NA
41	0.896458407830124	id3015979	NA	NA	NA
42	0.898902043859268	id5013321	NA	NA	NA
43	0.900851156081859	id6015315	NA	NA	NA
