Index	Corr	Marker	X3	X4	X5	X6
5	0.0197809421525724	id6006118	id3006754	wd7000321	id8004083	id6006123
6	0.328745754452613	id3001967	NA	NA	NA	NA
7	0.349494929071816	id6005265	NA	NA	NA	NA
8	0.622738661481521	id6002745	NA	NA	NA	NA
9	0.62525318277924	id6005271	NA	NA	NA	NA
10	0.688419472096956	id6010063	NA	NA	NA	NA
11	0.689827322360093	id6010134	NA	NA	NA	NA
12	0.692695416293201	id1013385	NA	NA	NA	NA
13	0.69580358980639	ud8001093	NA	NA	NA	NA
14	0.711721894510188	id4001732	NA	NA	NA	NA
15	0.717300075720371	id6002750	NA	NA	NA	NA
16	0.718586153226323	id6010102	NA	NA	NA	NA
17	0.722658874361265	id6005882	NA	NA	NA	NA
18	0.730355836073345	id3001964	NA	NA	NA	NA
19	0.731918289978564	id6006212	NA	NA	NA	NA
20	0.733359211609745	id2000397	NA	NA	NA	NA
21	0.740320484858944	id2005562	NA	NA	NA	NA
22	0.774867323934445	id3018557	NA	NA	NA	NA
23	0.777571955671599	id7000636	NA	NA	NA	NA
24	0.779886497785412	id6006268	NA	NA	NA	NA
25	0.781956329852622	id7000987	NA	NA	NA	NA
26	0.78686649656713	id5003522	NA	NA	NA	NA
27	0.797073779240575	id9001694	NA	NA	NA	NA
28	0.807544134649386	id7002470	NA	NA	NA	NA
29	0.808897776992077	dd11000851	NA	NA	NA	NA
30	0.811351289128052	id5013276	NA	NA	NA	NA
31	0.834435968154926	id3015979	NA	NA	NA	NA
32	0.837911463606328	wd7002663	NA	NA	NA	NA
33	0.842207511249534	wd1001865	NA	NA	NA	NA
34	0.843382163516697	id1023240	NA	NA	NA	NA
35	0.847138761872673	ud7001067	NA	NA	NA	NA
36	0.851174245003047	wd6000380	NA	NA	NA	NA
37	0.854005016759931	id4004398	NA	NA	NA	NA
38	0.855876201921457	id9002393	NA	NA	NA	NA
39	0.859029723656134	id4011023	NA	NA	NA	NA
40	0.860970288308156	id9001676	NA	NA	NA	NA
41	0.864307281509564	id1018372	NA	NA	NA	NA
42	0.865641813386504	id1015546	NA	NA	NA	NA
43	0.870123206177967	id10003251	NA	NA	NA	NA
44	0.872774209985919	id2004446	NA	NA	NA	NA
45	0.874267800511612	id1000058	NA	NA	NA	NA
46	0.883469995251013	id3008015	NA	NA	NA	NA
47	0.888603974667275	id11008322	NA	NA	NA	NA
48	0.892697500061927	id9001533	NA	NA	NA	NA
49	0.89815318720669	id5013592	NA	NA	NA	NA
50	0.89930168388888	id5002603	NA	NA	NA	NA
51	0.90471094741625	id7005449	NA	NA	NA	NA
