Index	Corr	Marker	X3	X4	X5	X6
5	0.500434779733964	SNP3960	SNP7194	SNP7192	SNP7146	SNP2684
6	0.517619087749524	SNP996	NA	NA	NA	NA
7	0.654318779210348	SNP8964	NA	NA	NA	NA
8	0.678741428886908	SNP9004	NA	NA	NA	NA
9	0.692274098304842	SNP8974	NA	NA	NA	NA
10	0.704088919962272	SNP7186	NA	NA	NA	NA
11	0.706318127820703	SNP7200	NA	NA	NA	NA
12	0.735263102631808	SNP8427	NA	NA	NA	NA
13	0.781158532239183	SNP4898	NA	NA	NA	NA
14	0.784132846482616	SNP7390	NA	NA	NA	NA
15	0.850214893489427	SNP3635	NA	NA	NA	NA
16	0.860561482247587	SNP6116	NA	NA	NA	NA
17	0.86412972354802	SNP8017	NA	NA	NA	NA
18	0.874497568369016	SNP3597	NA	NA	NA	NA
19	0.879039910783326	SNP5187	NA	NA	NA	NA
20	0.879569570787662	SNP8512	NA	NA	NA	NA
21	0.891489882662753	SNP952	NA	NA	NA	NA
22	0.903289479568754	SNP9482	NA	NA	NA	NA
23	0.919437045020478	SNP12117	NA	NA	NA	NA
24	0.923293219908588	SNP11377	NA	NA	NA	NA
25	0.92600751831526	SNP10094	NA	NA	NA	NA
26	0.927565565701919	SNP1459	NA	NA	NA	NA
27	0.928207068980154	SNP3803	NA	NA	NA	NA
28	0.931199454204982	SNP845	NA	NA	NA	NA
29	0.938223369877018	SNP3124	NA	NA	NA	NA
30	0.941746957195442	SNP5794	NA	NA	NA	NA
31	0.944241328797796	SNP6334	NA	NA	NA	NA
32	0.945234318864226	SNP7051	NA	NA	NA	NA
33	0.950171877199846	SNP11144	NA	NA	NA	NA
34	0.954960828484271	SNP11511	NA	NA	NA	NA
35	0.956476924053136	SNP7609	NA	NA	NA	NA
36	0.956669121450064	SNP5619	NA	NA	NA	NA
37	0.956762989129796	SNP3817	NA	NA	NA	NA
38	0.957970041074564	SNP6948	NA	NA	NA	NA
39	0.959229434239336	SNP11816	NA	NA	NA	NA
40	0.959984346003845	SNP11343	NA	NA	NA	NA
