Index	Corr	Marker	X3	X4	X5	X6
5	0.151172708558707	SNP3960	SNP7194	SNP7192	SNP7146	SNP2684
6	0.20365202553818	SNP7193	NA	NA	NA	NA
7	0.221159317059703	SNP996	NA	NA	NA	NA
8	0.474635516002375	SNP8964	NA	NA	NA	NA
9	0.496044296826705	SNP9004	NA	NA	NA	NA
10	0.605785084163855	SNP5012	NA	NA	NA	NA
11	0.639301278591571	SNP7445	NA	NA	NA	NA
12	0.642045882366051	SNP7186	NA	NA	NA	NA
13	0.682276456356023	SNP6973	NA	NA	NA	NA
14	0.736382160620386	SNP4898	NA	NA	NA	NA
15	0.737142507609287	SNP7226	NA	NA	NA	NA
16	0.740820862536987	SNP6116	NA	NA	NA	NA
17	0.766532628137367	SNP7010	NA	NA	NA	NA
18	0.807638430616984	SNP10376	NA	NA	NA	NA
19	0.826294493223059	SNP3941	NA	NA	NA	NA
20	0.83920203409507	SNP181	NA	NA	NA	NA
21	0.839373763875818	SNP7207	NA	NA	NA	NA
22	0.853864985231902	SNP5187	NA	NA	NA	NA
23	0.867852947749801	SNP9422	NA	NA	NA	NA
24	0.872590997492695	SNP4925	NA	NA	NA	NA
25	0.877166754104117	SNP8202	NA	NA	NA	NA
26	0.877670858023179	SNP7968	NA	NA	NA	NA
27	0.877848848761372	SNP5000	NA	NA	NA	NA
28	0.883030911941165	SNP3781	NA	NA	NA	NA
29	0.893976693564996	SNP6977	NA	NA	NA	NA
30	0.899606235666037	SNP10392	NA	NA	NA	NA
31	0.900798054528825	SNP9395	NA	NA	NA	NA
32	0.904758422470561	SNP8552	NA	NA	NA	NA
33	0.90806873970506	SNP3819	NA	NA	NA	NA
34	0.915080460686727	SNP4093	NA	NA	NA	NA
35	0.918233028577658	SNP1303	NA	NA	NA	NA
36	0.920100850742657	SNP7471	NA	NA	NA	NA
37	0.926081501050818	SNP4094	NA	NA	NA	NA
38	0.928053249817326	SNP8374	NA	NA	NA	NA
39	0.92815887248127	SNP7455	NA	NA	NA	NA
40	0.93318772885721	SNP6980	NA	NA	NA	NA
41	0.93328046027152	SNP1467	NA	NA	NA	NA
42	0.934657423450438	SNP5383	NA	NA	NA	NA
43	0.93626407052755	SNP3497	NA	NA	NA	NA
44	0.93675571988214	SNP5016	NA	NA	NA	NA
