CV Number 1: Start
CV Number 1: Check prediction (correlation) rate for all markers using BTS model.
CV Number 1: Prediction (correlation) rate for all markers using BTS is 0.965139246545085 train acc 0.630126104583308 val acc 
CV Number 1: Prediction running time for all markers is 0.8237858 secs
CV Number 1: Initial marker set's correlation rate is 0.435585 in train, 0.491626 in validation 
CV Number 1: Start marker selection at 2020-09-17 19:35:47 KST
 -- Stop condition: if the correlation rate does not increase 2460 times consecutively (20% of the total number of markers), the selection process is stopped.
Add: 0.47361 (delta: 0.038025) train corr., 0.497412 (delta: 0.005786) val corr., 6 markers (6 reading), time: 0.009298801 secs
Add: 0.543274 (delta: 0.069664) train corr., 0.563627 (delta: 0.066215) val corr., 7 markers (7 reading), time: 0.3211899 secs
Add: 0.572789 (delta: 0.029516) train corr., 0.56688 (delta: 0.003253) val corr., 8 markers (8 reading), time: 0.650121 secs
Add: 0.728013 (delta: 0.155223) train corr., 0.64693 (delta: 0.08005) val corr., 9 markers (9 reading), time: 0.8723271 secs
Add: 0.747375 (delta: 0.019362) train corr., 0.675336 (delta: 0.028406) val corr., 10 markers (11 reading), time: 1.334393 secs
Add: 0.745103 (delta: -0.002272) train corr., 0.687772 (delta: 0.012436) val corr., 11 markers (15 reading), time: 2.560673 secs
Add: 0.74798 (delta: 0.002877) train corr., 0.688139 (delta: 0.000367) val corr., 12 markers (16 reading), time: 2.800887 secs
Add: 0.786664 (delta: 0.038684) train corr., 0.717786 (delta: 0.029646) val corr., 13 markers (17 reading), time: 3.037132 secs
Add: 0.793373 (delta: 0.006709) train corr., 0.71892 (delta: 0.001135) val corr., 14 markers (24 reading), time: 4.770159 secs
Add: 0.844585 (delta: 0.051212) train corr., 0.758714 (delta: 0.039794) val corr., 15 markers (25 reading), time: 5.066252 secs
Add: 0.865294 (delta: 0.020709) train corr., 0.760782 (delta: 0.002068) val corr., 16 markers (30 reading), time: 6.394737 secs
Add: 0.874627 (delta: 0.009333) train corr., 0.764862 (delta: 0.00408) val corr., 17 markers (32 reading), time: 6.769599 secs
Add: 0.886274 (delta: 0.011647) train corr., 0.782071 (delta: 0.017209) val corr., 18 markers (33 reading), time: 7.07278 secs
Add: 0.891684 (delta: 0.00541) train corr., 0.784595 (delta: 0.002524) val corr., 19 markers (34 reading), time: 7.262069 secs
Add: 0.891997 (delta: 0.000314) train corr., 0.787652 (delta: 0.003057) val corr., 20 markers (35 reading), time: 7.453376 secs
Add: 0.89883 (delta: 0.006832) train corr., 0.789918 (delta: 0.002267) val corr., 21 markers (44 reading), time: 9.293378 secs
Add: 0.908617 (delta: 0.009787) train corr., 0.798778 (delta: 0.008859) val corr., 22 markers (47 reading), time: 10.06477 secs
Add: 0.91818 (delta: 0.009563) train corr., 0.825738 (delta: 0.02696) val corr., 23 markers (52 reading), time: 11.45201 secs
CV Number 1: # of selected markers is 23, and correlation rates for train and validation are 0.91818, 0.825738
CV Number 1: Running time for marker selection is 12.98769 secs
CV Number 1: End BTS model.


