CV Number 2: Start
CV Number 2: Check prediction (correlation) rate for all markers using RRB model.
CV Number 2: Prediction (correlation) rate for all markers using RRB is 0.989561750878676 train acc 0.548130697886098 val acc 
CV Number 2: Prediction running time for all markers is 0.2163863 secs
CV Number 2: Initial marker set's correlation rate is 0.536594 in train, 0.163093 in validation 
CV Number 2: Start marker selection at 2020-09-17 19:35:28 KST
 -- Stop condition: if the correlation rate does not increase 2460 times consecutively (20% of the total number of markers), the selection process is stopped.
Add: 0.546954 (delta: 0.010361) train corr., 0.177462 (delta: 0.014369) val corr., 6 markers (6 reading), time: 0.004958153 secs
Add: 0.561818 (delta: 0.014863) train corr., 0.212959 (delta: 0.035498) val corr., 7 markers (7 reading), time: 0.1760659 secs
Add: 0.559963 (delta: -0.001855) train corr., 0.223316 (delta: 0.010357) val corr., 8 markers (8 reading), time: 0.351975 secs
Add: 0.65273 (delta: 0.092767) train corr., 0.443036 (delta: 0.219719) val corr., 9 markers (9 reading), time: 0.5258753 secs
Add: 0.692295 (delta: 0.039565) train corr., 0.463673 (delta: 0.020637) val corr., 10 markers (10 reading), time: 0.7107036 secs
Add: 0.734594 (delta: 0.042298) train corr., 0.510218 (delta: 0.046545) val corr., 11 markers (11 reading), time: 0.8819158 secs
Add: 0.734477 (delta: -0.000117) train corr., 0.51562 (delta: 0.005402) val corr., 12 markers (12 reading), time: 1.053412 secs
Add: 0.745246 (delta: 0.010769) train corr., 0.520105 (delta: 0.004484) val corr., 13 markers (13 reading), time: 1.228574 secs
Add: 0.748286 (delta: 0.00304) train corr., 0.539887 (delta: 0.019782) val corr., 14 markers (15 reading), time: 1.599107 secs
Add: 0.764492 (delta: 0.016206) train corr., 0.581125 (delta: 0.041237) val corr., 15 markers (17 reading), time: 1.98059 secs
Add: 0.764132 (delta: -0.00036) train corr., 0.583001 (delta: 0.001876) val corr., 16 markers (18 reading), time: 2.15571 secs
Add: 0.778111 (delta: 0.013979) train corr., 0.592085 (delta: 0.009084) val corr., 17 markers (21 reading), time: 2.718261 secs
Add: 0.831749 (delta: 0.053638) train corr., 0.659991 (delta: 0.067906) val corr., 18 markers (25 reading), time: 3.398932 secs
Add: 0.832799 (delta: 0.00105) train corr., 0.666946 (delta: 0.006955) val corr., 19 markers (26 reading), time: 3.567451 secs
Add: 0.832778 (delta: -2.1e-05) train corr., 0.670791 (delta: 0.003846) val corr., 20 markers (28 reading), time: 3.966521 secs
Add: 0.845435 (delta: 0.012657) train corr., 0.692943 (delta: 0.022152) val corr., 21 markers (29 reading), time: 4.137521 secs
Add: 0.847656 (delta: 0.002221) train corr., 0.716845 (delta: 0.023902) val corr., 22 markers (30 reading), time: 4.306358 secs
Add: 0.86042 (delta: 0.012764) train corr., 0.769653 (delta: 0.052808) val corr., 23 markers (32 reading), time: 4.783593 secs
Add: 0.86217 (delta: 0.00175) train corr., 0.800781 (delta: 0.031128) val corr., 24 markers (33 reading), time: 4.960007 secs
CV Number 2: # of selected markers is 24, and correlation rates for train and validation are 0.86217, 0.800781
CV Number 2: Running time for marker selection is 5.940933 secs
CV Number 2: End RRB model.


