CV Number 3: Start
CV Number 3: Check prediction (correlation) rate for all markers using BTS model.
CV Number 3: Prediction (correlation) rate for all markers using BTS is 0.966863535049513 train acc 0.767495430228436 val acc 
CV Number 3: Prediction running time for all markers is 0.7706168 secs
CV Number 3: Initial marker set's correlation rate is 0.461925 in train, 0.420538 in validation 
CV Number 3: Start marker selection at 2020-09-17 19:35:47 KST
 -- Stop condition: if the correlation rate does not increase 2460 times consecutively (20% of the total number of markers), the selection process is stopped.
Add: 0.470289 (delta: 0.008364) train corr., 0.482616 (delta: 0.062078) val corr., 6 markers (6 reading), time: 0.008992434 secs
Add: 0.54482 (delta: 0.074531) train corr., 0.508454 (delta: 0.025838) val corr., 7 markers (7 reading), time: 0.2127717 secs
Add: 0.595038 (delta: 0.050219) train corr., 0.54222 (delta: 0.033766) val corr., 8 markers (8 reading), time: 0.3940358 secs
Add: 0.714506 (delta: 0.119468) train corr., 0.683184 (delta: 0.140963) val corr., 9 markers (9 reading), time: 0.5759101 secs
Add: 0.715167 (delta: 0.000662) train corr., 0.691839 (delta: 0.008655) val corr., 10 markers (10 reading), time: 0.7606807 secs
Add: 0.730847 (delta: 0.015679) train corr., 0.724008 (delta: 0.032169) val corr., 11 markers (11 reading), time: 0.9912255 secs
Add: 0.729117 (delta: -0.00173) train corr., 0.729149 (delta: 0.005141) val corr., 12 markers (12 reading), time: 1.354755 secs
Add: 0.776938 (delta: 0.047821) train corr., 0.731188 (delta: 0.002039) val corr., 13 markers (17 reading), time: 2.426543 secs
Add: 0.773977 (delta: -0.002961) train corr., 0.741296 (delta: 0.010109) val corr., 14 markers (21 reading), time: 3.28876 secs
Add: 0.782815 (delta: 0.008838) train corr., 0.752188 (delta: 0.010891) val corr., 15 markers (22 reading), time: 3.54131 secs
Add: 0.785338 (delta: 0.002523) train corr., 0.761887 (delta: 0.009699) val corr., 16 markers (24 reading), time: 4.028718 secs
Add: 0.815185 (delta: 0.029847) train corr., 0.851227 (delta: 0.08934) val corr., 17 markers (25 reading), time: 4.231781 secs
CV Number 3: # of selected markers is 17, and correlation rates for train and validation are 0.815185, 0.851227
CV Number 3: Running time for marker selection is 5.58117 secs
CV Number 3: End BTS model.


